2019-11-22 21:11:02,979 - Twitter Streaming to TCP - INFO - 
Created a Spark Context
2019-11-22 21:11:02,979 - Twitter Streaming to TCP - INFO - 
Listening on port: 9009
2019-11-22 21:11:02,979 - Twitter Streaming to TCP - INFO - 
Twitter Authentication has been setup successfully
2019-11-22 21:12:34,417 - Twitter Streaming to TCP - INFO - 
Created a Spark Context
2019-11-22 21:12:34,418 - Twitter Streaming to TCP - INFO - 
Listening on port: 9009
2019-11-22 21:12:34,418 - Twitter Streaming to TCP - INFO - 
Twitter Authentication has been setup successfully
2019-11-22 21:13:10,024 - Twitter Streaming to TCP - INFO - 
Created a Spark Context
2019-11-22 21:13:10,024 - Twitter Streaming to TCP - INFO - 
Listening on port: 9009
2019-11-22 21:13:10,024 - Twitter Streaming to TCP - INFO - 
Twitter Authentication has been setup successfully
2019-11-22 21:14:00,276 - Twitter Streaming to TCP - INFO - 
Created a Spark Context
2019-11-22 21:14:00,276 - Twitter Streaming to TCP - INFO - 
Listening on port: 9009
2019-11-22 21:14:00,276 - Twitter Streaming to TCP - INFO - 
Twitter Authentication has been setup successfully
2019-11-22 21:15:03,285 - Twitter Streaming to TCP - INFO - 
Created a Spark Context
2019-11-22 21:15:03,286 - Twitter Streaming to TCP - INFO - 
Listening on port: 9009
2019-11-22 21:15:03,286 - Twitter Streaming to TCP - INFO - 
Twitter Authentication has been setup successfully
2019-11-22 21:41:52,758 - Twitter Streaming to TCP - INFO - 
Created a Spark Context
2019-11-22 21:41:52,758 - Twitter Streaming to TCP - INFO - 
Listening on port: 9009
2019-11-22 21:41:52,758 - Twitter Streaming to TCP - INFO - 
Twitter Authentication has been setup successfully
2019-11-30 22:47:45,217 - Twitter Streaming to TCP - INFO - 
Created a Spark Context
2019-11-30 22:47:45,217 - Twitter Streaming to TCP - INFO - 
Listening on port: 9009
2019-11-30 22:47:45,217 - Twitter Streaming to TCP - INFO - 
Twitter Authentication has been setup successfully
2019-11-30 23:01:39,777 - Twitter Streaming to TCP - INFO - 
Created a Spark Context
2019-11-30 23:01:39,781 - Twitter Streaming to TCP - INFO - 
Listening on port: 9009
2019-11-30 23:01:39,781 - Twitter Streaming to TCP - INFO - 
Twitter Authentication has been setup successfully
2019-11-30 23:01:39,781 - Twitter Streaming to TCP - INFO - 
Preparing the track list
2019-12-01 01:58:39,492 - Twitter Streaming to TCP - INFO - 
Created a Spark Context
2019-12-01 01:58:39,492 - Twitter Streaming to TCP - INFO - 
Listening on port: 9009
2019-12-01 01:58:39,492 - Twitter Streaming to TCP - INFO - 
Twitter Authentication has been setup successfully
2019-12-01 01:58:39,492 - Twitter Streaming to TCP - INFO - 
Preparing the track list
2019-12-01 14:08:23,978 - Twitter Streaming to TCP - INFO - 
Created a Spark Context
2019-12-01 14:08:23,978 - Twitter Streaming to TCP - INFO - 
Listening on port: 9009
2019-12-01 14:08:23,980 - Twitter Streaming to TCP - INFO - 
Twitter Authentication has been setup successfully
2019-12-01 14:08:23,980 - Twitter Streaming to TCP - INFO - 
Preparing the track list
2019-12-01 14:35:51,494 - Twitter Streaming to TCP - INFO - 
Created a Spark Context
2019-12-01 14:35:51,496 - Twitter Streaming to TCP - INFO - 
Listening on port: 9009
2019-12-01 14:35:51,496 - Twitter Streaming to TCP - INFO - 
Twitter Authentication has been setup successfully
2019-12-01 14:35:51,496 - Twitter Streaming to TCP - INFO - 
Preparing the track list
2019-12-01 14:36:38,334 - Twitter Streaming to TCP - INFO - 
Created a Spark Context
2019-12-01 14:36:38,335 - Twitter Streaming to TCP - INFO - 
Listening on port: 9009
2019-12-01 14:36:38,336 - Twitter Streaming to TCP - INFO - 
Twitter Authentication has been setup successfully
2019-12-01 14:36:38,336 - Twitter Streaming to TCP - INFO - 
Preparing the track list
2019-12-01 15:01:31,683 - Twitter Streaming to TCP - INFO - 
Created a Spark Context
2019-12-01 15:01:31,684 - Twitter Streaming to TCP - INFO - 
Listening on port: 9009
2019-12-01 15:01:31,684 - Twitter Streaming to TCP - INFO - 
Twitter Authentication has been setup successfully
2019-12-01 15:01:31,685 - Twitter Streaming to TCP - INFO - 
Preparing the track list
2019-12-01 20:12:35,049 - Twitter Streaming to TCP - INFO - 
Created a Spark Context
2019-12-01 20:12:35,049 - Twitter Streaming to TCP - INFO - 
Listening on port: 9009
2019-12-01 20:12:35,049 - Twitter Streaming to TCP - INFO - 
Twitter Authentication has been setup successfully
2019-12-01 20:12:35,049 - Twitter Streaming to TCP - INFO - 
Preparing the track list
2019-12-01 22:07:26,358 - Twitter Streaming to TCP - INFO - 
Created a Spark Context
2019-12-01 22:07:26,359 - Twitter Streaming to TCP - INFO - 
Listening on port: 9009
2019-12-01 22:07:26,360 - Twitter Streaming to TCP - INFO - 
Twitter Authentication has been setup successfully
2019-12-01 22:07:26,360 - Twitter Streaming to TCP - INFO - 
Preparing the track list
2019-12-01 22:28:50,589 - Twitter Streaming to TCP - INFO - 
Created a Spark Context
2019-12-01 22:28:50,590 - Twitter Streaming to TCP - INFO - 
Listening on port: 9009
2019-12-01 22:28:50,591 - Twitter Streaming to TCP - INFO - 
Twitter Authentication has been setup successfully
2019-12-01 22:28:50,591 - Twitter Streaming to TCP - INFO - 
Preparing the track list
